<?xml version="1.0" encoding="UTF-8"?>
<testng-results ignored="0" total="1" passed="1" failed="0" skipped="0">
  <reporter-output>
  </reporter-output>
  <suite started-at="2025-04-01T16:17:14 IST" name="Default suite" finished-at="2025-04-01T16:17:16 IST" duration-ms="2169">
    <groups>
    </groups>
    <test started-at="2025-04-01T16:17:14 IST" name="Default test" finished-at="2025-04-01T16:17:16 IST" duration-ms="2169">
      <class name="tests.CheckWeather">
        <test-method signature="CheckWeatherMethod()[pri:0, instance:tests.CheckWeather@3f197a46]" started-at="2025-04-01T16:17:14 IST" name="CheckWeatherMethod" finished-at="2025-04-01T16:17:16 IST" duration-ms="2146" status="PASS">
          <reporter-output>
          </reporter-output>
        </test-method> <!-- CheckWeatherMethod -->
      </class> <!-- tests.CheckWeather -->
    </test> <!-- Default test -->
  </suite> <!-- Default suite -->
</testng-results>
